2023-11-30 19:10:06,837 - INFO - Authorized access by MAC address: 3c:a0:67:e6:54:32
2023-11-30 19:10:07,605 - INFO - Successfully validated the exchange rate API key.
2023-11-30 19:10:08,231 - INFO - Successfully fetched exchange rate.
2023-11-30 19:10:08,612 - INFO - Successfully fetched electricity prices.
2023-11-30 19:10:08,634 - WARNING - Warning: Cache file not found. Using default values.
2023-11-30 19:10:11,963 - INFO - Prompting user choice.
2023-11-30 19:10:11,963 - INFO - User chose to see daily info.
2023-11-30 19:10:26,500 - INFO - Exiting program.
2024-01-19 15:54:51,140 - INFO - Authorized access by MAC address: 3c:a0:67:e6:54:32
2024-01-19 15:54:51,958 - INFO - Successfully validated the exchange rate API key.
2024-01-19 15:54:52,859 - INFO - Successfully fetched exchange rate.
2024-01-19 15:54:53,350 - INFO - Successfully fetched electricity prices.
2024-01-19 15:54:53,367 - WARNING - Warning: Cache file not found. Using default values.
2024-01-19 15:55:03,105 - INFO - Prompting user choice.
2024-01-19 15:55:03,107 - INFO - User chose to see daily info.
2024-01-19 15:55:06,069 - INFO - Exiting program.
2024-01-19 15:57:15,905 - INFO - Authorized access by MAC address: 3c:a0:67:e6:54:32
2024-01-19 15:58:05,634 - INFO - Authorized access by MAC address: 3c:a0:67:e6:54:32
2024-01-19 15:58:06,295 - INFO - Successfully validated the exchange rate API key.
2024-01-19 15:58:06,917 - INFO - Successfully fetched exchange rate.
2024-01-19 15:58:07,173 - INFO - Successfully fetched electricity prices.
2024-01-19 15:58:07,180 - WARNING - Warning: Cache file not found. Using default values.
2024-01-19 15:58:17,054 - INFO - Prompting user choice.
2024-01-19 15:58:20,317 - INFO - Exiting program.
2024-01-19 16:15:01,455 - INFO - Authorized access by MAC address: 3c:a0:67:e6:54:32
2024-01-19 16:15:02,111 - INFO - Successfully validated the exchange rate API key.
2024-01-19 16:15:02,726 - INFO - Successfully fetched exchange rate.
2024-01-19 16:15:03,003 - INFO - Successfully fetched electricity prices.
2024-01-19 16:15:03,010 - WARNING - Warning: Cache file not found. Using default values.
2024-01-19 16:15:07,042 - INFO - Prompting user choice.
2024-01-19 16:15:07,046 - INFO - User chose to see daily info.
2024-01-19 16:19:58,729 - INFO - Prompting user choice.
2024-01-19 16:19:58,732 - INFO - User chose to see daily info.
2024-01-19 16:56:53,196 - INFO - Prompting user choice.
2024-01-19 16:57:12,718 - INFO - Prompting user choice.
2024-01-19 16:57:16,959 - INFO - Prompting user choice.
2024-01-19 16:57:16,962 - INFO - User chose to see daily info.
2024-01-19 16:57:28,784 - INFO - Exiting program.
2024-01-19 16:57:44,218 - INFO - Authorized access by MAC address: 3c:a0:67:e6:54:32
2024-01-19 16:57:44,888 - INFO - Successfully validated the exchange rate API key.
2024-01-19 16:57:45,507 - INFO - Successfully fetched exchange rate.
2024-01-19 16:57:45,865 - INFO - Successfully fetched electricity prices.
2024-01-19 16:57:45,874 - WARNING - Warning: Cache file not found. Using default values.
2024-01-19 16:57:48,478 - INFO - Prompting user choice.
2024-01-19 16:57:48,481 - INFO - User chose to see daily info.
2024-01-19 16:59:45,720 - INFO - Prompting user choice.
2024-01-19 16:59:45,723 - INFO - User chose to see daily info.
2024-01-19 17:00:03,567 - INFO - Prompting user choice.
2024-01-19 17:00:05,687 - INFO - Prompting user choice.
2024-01-19 17:00:05,690 - INFO - User chose to see daily info.
2024-01-19 17:00:09,900 - INFO - Exiting program.
